2025-05-27 10:16:10.967 [background-preinit] INFO  o.h.validator.internal.util.Version - HV000001: Hibernate Validator 8.0.2.Final
2025-05-27 10:16:10.996 [restartedMain] INFO  c.h.f.f.FateEchoesApplication - Starting FateEchoesApplication using Java 22.0.2 with PID 23468 (E:\Fate Echoes\fate-echoes\target\classes started by hanse in E:\Fate Echoes\fate-echoes)
2025-05-27 10:16:10.996 [restartedMain] INFO  c.h.f.f.FateEchoesApplication - No active profile set, falling back to 1 default profile: "default"
2025-05-27 10:16:11.340 [restartedMain] DEBUG o.m.s.b.a.MybatisAutoConfiguration - Searching for mappers annotated with @Mapper
2025-05-27 10:16:11.340 [restartedMain] DEBUG o.m.s.b.a.MybatisAutoConfiguration - Using auto-configuration base package 'com.hansen.fateEchoes.fate_echoes'
2025-05-27 10:16:11.415 [restartedMain] WARN  o.m.s.mapper.ClassPathMapperScanner - No MyBatis mapper was found in '[com.hansen.fateEchoes.fate_echoes]' package. Please check your configuration.
2025-05-27 10:16:11.629 [restartedMain] INFO  o.a.coyote.http11.Http11NioProtocol - Initializing ProtocolHandler ["http-nio-8080"]
2025-05-27 10:16:11.630 [restartedMain] INFO  o.a.catalina.core.StandardService - Starting service [Tomcat]
2025-05-27 10:16:11.630 [restartedMain] INFO  o.a.catalina.core.StandardEngine - Starting Servlet engine: [Apache Tomcat/10.1.41]
2025-05-27 10:16:11.660 [restartedMain] INFO  o.a.c.c.C.[.[.[/fate-echoes] - Initializing Spring embedded WebApplicationContext
2025-05-27 10:16:11.884 [restartedMain] DEBUG o.m.s.b.a.MybatisAutoConfiguration - Not found configuration for registering mapper bean using @MapperScan, MapperFactoryBean and MapperScannerConfigurer.
2025-05-27 10:16:11.911 [restartedMain] DEBUG o.m.spring.SqlSessionFactoryBean - Property 'mapperLocations' was not specified.
2025-05-27 10:16:11.975 [restartedMain] INFO  o.a.coyote.http11.Http11NioProtocol - Starting ProtocolHandler ["http-nio-8080"]
2025-05-27 10:16:11.993 [restartedMain] INFO  c.h.f.f.FateEchoesApplication - Started FateEchoesApplication in 1.315 seconds (process running for 1.792)
2025-05-27 10:20:06.189 [http-nio-8080-exec-3] INFO  o.a.c.c.C.[.[.[/fate-echoes] - Initializing Spring DispatcherServlet 'dispatcherServlet'
2025-05-27 10:51:55.565 [tomcat-shutdown] INFO  o.a.coyote.http11.Http11NioProtocol - Pausing ProtocolHandler ["http-nio-8080"]
2025-05-27 10:51:55.579 [Thread-5] INFO  o.a.coyote.http11.Http11NioProtocol - Stopping ProtocolHandler ["http-nio-8080"]
2025-05-27 10:51:55.665 [restartedMain] INFO  c.h.f.f.FateEchoesApplication - Starting FateEchoesApplication using Java 22.0.2 with PID 23468 (E:\Fate Echoes\fate-echoes\target\classes started by hanse in E:\Fate Echoes\fate-echoes)
2025-05-27 10:51:55.665 [restartedMain] INFO  c.h.f.f.FateEchoesApplication - No active profile set, falling back to 1 default profile: "default"
2025-05-27 10:51:55.780 [restartedMain] DEBUG o.m.s.b.a.MybatisAutoConfiguration - Searching for mappers annotated with @Mapper
2025-05-27 10:51:55.780 [restartedMain] DEBUG o.m.s.b.a.MybatisAutoConfiguration - Using auto-configuration base package 'com.hansen.fateEchoes.fate_echoes'
2025-05-27 10:51:55.809 [restartedMain] WARN  o.m.s.mapper.ClassPathMapperScanner - No MyBatis mapper was found in '[com.hansen.fateEchoes.fate_echoes]' package. Please check your configuration.
2025-05-27 10:51:55.847 [restartedMain] INFO  o.a.coyote.http11.Http11NioProtocol - Initializing ProtocolHandler ["http-nio-8080"]
2025-05-27 10:51:55.848 [restartedMain] INFO  o.a.catalina.core.StandardService - Starting service [Tomcat]
2025-05-27 10:51:55.848 [restartedMain] INFO  o.a.catalina.core.StandardEngine - Starting Servlet engine: [Apache Tomcat/10.1.41]
2025-05-27 10:51:55.860 [restartedMain] INFO  o.a.c.c.C.[.[.[/fate-echoes] - Initializing Spring embedded WebApplicationContext
2025-05-27 10:51:55.935 [restartedMain] DEBUG o.m.s.b.a.MybatisAutoConfiguration - Not found configuration for registering mapper bean using @MapperScan, MapperFactoryBean and MapperScannerConfigurer.
2025-05-27 10:51:55.940 [restartedMain] DEBUG o.m.spring.SqlSessionFactoryBean - Property 'mapperLocations' was not specified.
2025-05-27 10:51:55.962 [restartedMain] INFO  o.a.coyote.http11.Http11NioProtocol - Starting ProtocolHandler ["http-nio-8080"]
2025-05-27 10:51:55.966 [restartedMain] INFO  c.h.f.f.FateEchoesApplication - Started FateEchoesApplication in 0.34 seconds (process running for 2145.763)
2025-05-27 10:52:07.502 [tomcat-shutdown] INFO  o.a.coyote.http11.Http11NioProtocol - Pausing ProtocolHandler ["http-nio-8080"]
2025-05-27 10:52:07.510 [Thread-7] INFO  o.a.coyote.http11.Http11NioProtocol - Stopping ProtocolHandler ["http-nio-8080"]
2025-05-27 10:52:07.566 [restartedMain] INFO  c.h.f.f.FateEchoesApplication - Starting FateEchoesApplication using Java 22.0.2 with PID 23468 (E:\Fate Echoes\fate-echoes\target\classes started by hanse in E:\Fate Echoes\fate-echoes)
2025-05-27 10:52:07.568 [restartedMain] INFO  c.h.f.f.FateEchoesApplication - No active profile set, falling back to 1 default profile: "default"
2025-05-27 10:52:07.644 [restartedMain] DEBUG o.m.s.b.a.MybatisAutoConfiguration - Searching for mappers annotated with @Mapper
2025-05-27 10:52:07.644 [restartedMain] DEBUG o.m.s.b.a.MybatisAutoConfiguration - Using auto-configuration base package 'com.hansen.fateEchoes.fate_echoes'
2025-05-27 10:52:07.671 [restartedMain] WARN  o.m.s.mapper.ClassPathMapperScanner - No MyBatis mapper was found in '[com.hansen.fateEchoes.fate_echoes]' package. Please check your configuration.
2025-05-27 10:52:07.694 [restartedMain] INFO  o.a.coyote.http11.Http11NioProtocol - Initializing ProtocolHandler ["http-nio-8080"]
2025-05-27 10:52:07.694 [restartedMain] INFO  o.a.catalina.core.StandardService - Starting service [Tomcat]
2025-05-27 10:52:07.694 [restartedMain] INFO  o.a.catalina.core.StandardEngine - Starting Servlet engine: [Apache Tomcat/10.1.41]
2025-05-27 10:52:07.706 [restartedMain] INFO  o.a.c.c.C.[.[.[/fate-echoes] - Initializing Spring embedded WebApplicationContext
2025-05-27 10:52:07.756 [restartedMain] DEBUG o.m.s.b.a.MybatisAutoConfiguration - Not found configuration for registering mapper bean using @MapperScan, MapperFactoryBean and MapperScannerConfigurer.
2025-05-27 10:52:07.759 [restartedMain] DEBUG o.m.spring.SqlSessionFactoryBean - Property 'mapperLocations' was not specified.
2025-05-27 10:52:07.775 [restartedMain] INFO  o.a.coyote.http11.Http11NioProtocol - Starting ProtocolHandler ["http-nio-8080"]
2025-05-27 10:52:07.779 [restartedMain] INFO  c.h.f.f.FateEchoesApplication - Started FateEchoesApplication in 0.227 seconds (process running for 2157.575)
2025-05-27 13:40:42.259 [main] INFO  c.h.f.f.FateEchoesApplication - Starting FateEchoesApplication using Java 22.0.2 on H-Y with PID 30008 (E:\Fate Echoes\fate-echoes\target\classes started by hanse in E:\Fate Echoes\fate-echoes)
2025-05-27 13:40:42.260 [main] INFO  c.h.f.f.FateEchoesApplication - No active profile set, falling back to 1 default profile: "default"
2025-05-27 13:40:42.341 [main] WARN  o.s.b.w.s.c.AnnotationConfigServletWebServerApplicationContext - Exception encountered during context initialization - cancelling refresh attempt: org.springframework.beans.factory.BeanDefinitionStoreException: Failed to read candidate component class: file [E:\Fate Echoes\fate-echoes\target\classes\com\hansen\fateEchoes\fate_echoes\FateEchoesApplication.class]; nested exception is org.springframework.core.NestedIOException: ASM ClassReader failed to parse class file - probably due to a new Java class file version that isn't supported yet: file [E:\Fate Echoes\fate-echoes\target\classes\com\hansen\fateEchoes\fate_echoes\FateEchoesApplication.class]; nested exception is java.lang.IllegalArgumentException: Unsupported class file major version 66
2025-05-27 13:40:42.358 [main] ERROR o.s.boot.SpringApplication - Application run failed
org.springframework.beans.factory.BeanDefinitionStoreException: Failed to read candidate component class: file [E:\Fate Echoes\fate-echoes\target\classes\com\hansen\fateEchoes\fate_echoes\FateEchoesApplication.class]; nested exception is org.springframework.core.NestedIOException: ASM ClassReader failed to parse class file - probably due to a new Java class file version that isn't supported yet: file [E:\Fate Echoes\fate-echoes\target\classes\com\hansen\fateEchoes\fate_echoes\FateEchoesApplication.class]; nested exception is java.lang.IllegalArgumentException: Unsupported class file major version 66
	at org.springframework.context.annotation.ClassPathScanningCandidateComponentProvider.scanCandidateComponents(ClassPathScanningCandidateComponentProvider.java:457)
	at org.springframework.context.annotation.ClassPathScanningCandidateComponentProvider.findCandidateComponents(ClassPathScanningCandidateComponentProvider.java:316)
	at org.springframework.context.annotation.ClassPathBeanDefinitionScanner.doScan(ClassPathBeanDefinitionScanner.java:276)
	at org.springframework.context.annotation.ComponentScanAnnotationParser.parse(ComponentScanAnnotationParser.java:128)
	at org.springframework.context.annotation.ConfigurationClassParser.doProcessConfigurationClass(ConfigurationClassParser.java:296)
	at org.springframework.context.annotation.ConfigurationClassParser.processConfigurationClass(ConfigurationClassParser.java:250)
	at org.springframework.context.annotation.ConfigurationClassParser.parse(ConfigurationClassParser.java:207)
	at org.springframework.context.annotation.ConfigurationClassParser.parse(ConfigurationClassParser.java:175)
	at org.springframework.context.annotation.ConfigurationClassPostProcessor.processConfigBeanDefinitions(ConfigurationClassPostProcessor.java:331)
	at org.springframework.context.annotation.ConfigurationClassPostProcessor.postProcessBeanDefinitionRegistry(ConfigurationClassPostProcessor.java:247)
	at org.springframework.context.support.PostProcessorRegistrationDelegate.invokeBeanDefinitionRegistryPostProcessors(PostProcessorRegistrationDelegate.java:311)
	at org.springframework.context.support.PostProcessorRegistrationDelegate.invokeBeanFactoryPostProcessors(PostProcessorRegistrationDelegate.java:112)
	at org.springframework.context.support.AbstractApplicationContext.invokeBeanFactoryPostProcessors(AbstractApplicationContext.java:746)
	at org.springframework.context.support.AbstractApplicationContext.refresh(AbstractApplicationContext.java:564)
	at org.springframework.boot.web.servlet.context.ServletWebServerApplicationContext.refresh(ServletWebServerApplicationContext.java:147)
	at org.springframework.boot.SpringApplication.refresh(SpringApplication.java:734)
	at org.springframework.boot.SpringApplication.refreshContext(SpringApplication.java:408)
	at org.springframework.boot.SpringApplication.run(SpringApplication.java:308)
	at org.springframework.boot.SpringApplication.run(SpringApplication.java:1306)
	at org.springframework.boot.SpringApplication.run(SpringApplication.java:1295)
	at com.hansen.fateEchoes.fate_echoes.FateEchoesApplication.main(FateEchoesApplication.java:10)
Caused by: org.springframework.core.NestedIOException: ASM ClassReader failed to parse class file - probably due to a new Java class file version that isn't supported yet: file [E:\Fate Echoes\fate-echoes\target\classes\com\hansen\fateEchoes\fate_echoes\FateEchoesApplication.class]; nested exception is java.lang.IllegalArgumentException: Unsupported class file major version 66
	at org.springframework.core.type.classreading.SimpleMetadataReader.getClassReader(SimpleMetadataReader.java:60)
	at org.springframework.core.type.classreading.SimpleMetadataReader.<init>(SimpleMetadataReader.java:49)
	at org.springframework.core.type.classreading.SimpleMetadataReaderFactory.getMetadataReader(SimpleMetadataReaderFactory.java:103)
	at org.springframework.core.type.classreading.CachingMetadataReaderFactory.getMetadataReader(CachingMetadataReaderFactory.java:123)
	at org.springframework.context.annotation.ClassPathScanningCandidateComponentProvider.scanCandidateComponents(ClassPathScanningCandidateComponentProvider.java:429)
	... 20 common frames omitted
Caused by: java.lang.IllegalArgumentException: Unsupported class file major version 66
	at org.springframework.asm.ClassReader.<init>(ClassReader.java:199)
	at org.springframework.asm.ClassReader.<init>(ClassReader.java:180)
	at org.springframework.asm.ClassReader.<init>(ClassReader.java:166)
	at org.springframework.asm.ClassReader.<init>(ClassReader.java:287)
	at org.springframework.core.type.classreading.SimpleMetadataReader.getClassReader(SimpleMetadataReader.java:57)
	... 24 common frames omitted
2025-05-27 13:44:27.460 [main] INFO  c.h.f.f.FateEchoesApplication - Starting FateEchoesApplication using Java 22.0.2 with PID 38448 (E:\Fate Echoes\fate-echoes\target\classes started by hanse in E:\Fate Echoes\fate-echoes)
2025-05-27 13:44:27.461 [main] INFO  c.h.f.f.FateEchoesApplication - No active profile set, falling back to 1 default profile: "default"
2025-05-27 13:44:28.144 [main] INFO  o.a.coyote.http11.Http11NioProtocol - Initializing ProtocolHandler ["http-nio-8080"]
2025-05-27 13:44:28.145 [main] INFO  o.a.catalina.core.StandardService - Starting service [Tomcat]
2025-05-27 13:44:28.145 [main] INFO  o.a.catalina.core.StandardEngine - Starting Servlet engine: [Apache Tomcat/10.1.16]
2025-05-27 13:44:28.179 [main] INFO  o.a.c.c.C.[.[.[/fate-echoes] - Initializing Spring embedded WebApplicationContext
2025-05-27 13:44:28.270 [main] INFO  o.h.jpa.internal.util.LogHelper - HHH000204: Processing PersistenceUnitInfo [name: default]
2025-05-27 13:44:28.303 [main] INFO  org.hibernate.Version - HHH000412: Hibernate ORM core version 6.3.1.Final
2025-05-27 13:44:28.326 [main] INFO  o.h.c.i.RegionFactoryInitiator - HHH000026: Second-level cache disabled
2025-05-27 13:44:28.500 [main] INFO  com.zaxxer.hikari.HikariDataSource - HikariPool-1 - Starting...
2025-05-27 13:44:29.610 [main] ERROR com.zaxxer.hikari.pool.HikariPool - HikariPool-1 - Exception during pool initialization.
java.sql.SQLException: Access denied for user 'root'@'localhost' (using password: YES)
	at com.mysql.cj.jdbc.exceptions.SQLError.createSQLException(SQLError.java:130)
	at com.mysql.cj.jdbc.exceptions.SQLExceptionsMapping.translateException(SQLExceptionsMapping.java:122)
	at com.mysql.cj.jdbc.ConnectionImpl.createNewIO(ConnectionImpl.java:819)
	at com.mysql.cj.jdbc.ConnectionImpl.<init>(ConnectionImpl.java:440)
	at com.mysql.cj.jdbc.ConnectionImpl.getInstance(ConnectionImpl.java:239)
	at com.mysql.cj.jdbc.NonRegisteringDriver.connect(NonRegisteringDriver.java:188)
	at com.zaxxer.hikari.util.DriverDataSource.getConnection(DriverDataSource.java:138)
	at com.zaxxer.hikari.pool.PoolBase.newConnection(PoolBase.java:359)
	at com.zaxxer.hikari.pool.PoolBase.newPoolEntry(PoolBase.java:201)
	at com.zaxxer.hikari.pool.HikariPool.createPoolEntry(HikariPool.java:470)
	at com.zaxxer.hikari.pool.HikariPool.checkFailFast(HikariPool.java:561)
	at com.zaxxer.hikari.pool.HikariPool.<init>(HikariPool.java:100)
	at com.zaxxer.hikari.HikariDataSource.getConnection(HikariDataSource.java:112)
	at org.hibernate.engine.jdbc.connections.internal.DatasourceConnectionProviderImpl.getConnection(DatasourceConnectionProviderImpl.java:122)
	at org.hibernate.engine.jdbc.env.internal.JdbcEnvironmentInitiator$ConnectionProviderJdbcConnectionAccess.obtainConnection(JdbcEnvironmentInitiator.java:424)
	at org.hibernate.resource.transaction.backend.jdbc.internal.JdbcIsolationDelegate.delegateWork(JdbcIsolationDelegate.java:61)
	at org.hibernate.engine.jdbc.env.internal.JdbcEnvironmentInitiator.getJdbcEnvironmentUsingJdbcMetadata(JdbcEnvironmentInitiator.java:273)
	at org.hibernate.engine.jdbc.env.internal.JdbcEnvironmentInitiator.initiateService(JdbcEnvironmentInitiator.java:105)
	at org.hibernate.engine.jdbc.env.internal.JdbcEnvironmentInitiator.initiateService(JdbcEnvironmentInitiator.java:66)
	at org.hibernate.boot.registry.internal.StandardServiceRegistryImpl.initiateService(StandardServiceRegistryImpl.java:129)
	at org.hibernate.service.internal.AbstractServiceRegistryImpl.createService(AbstractServiceRegistryImpl.java:263)
	at org.hibernate.service.internal.AbstractServiceRegistryImpl.initializeService(AbstractServiceRegistryImpl.java:238)
	at org.hibernate.service.internal.AbstractServiceRegistryImpl.getService(AbstractServiceRegistryImpl.java:215)
	at org.hibernate.boot.model.relational.Database.<init>(Database.java:45)
	at org.hibernate.boot.internal.InFlightMetadataCollectorImpl.getDatabase(InFlightMetadataCollectorImpl.java:223)
	at org.hibernate.boot.internal.InFlightMetadataCollectorImpl.<init>(InFlightMetadataCollectorImpl.java:191)
	at org.hibernate.boot.model.process.spi.MetadataBuildingProcess.complete(MetadataBuildingProcess.java:169)
	at org.hibernate.jpa.boot.internal.EntityManagerFactoryBuilderImpl.metadata(EntityManagerFactoryBuilderImpl.java:1432)
	at org.hibernate.jpa.boot.internal.EntityManagerFactoryBuilderImpl.build(EntityManagerFactoryBuilderImpl.java:1503)
	at org.springframework.orm.jpa.vendor.SpringHibernateJpaPersistenceProvider.createContainerEntityManagerFactory(SpringHibernateJpaPersistenceProvider.java:75)
	at org.springframework.orm.jpa.LocalContainerEntityManagerFactoryBean.createNativeEntityManagerFactory(LocalContainerEntityManagerFactoryBean.java:376)
	at org.springframework.orm.jpa.AbstractEntityManagerFactoryBean.buildNativeEntityManagerFactory(AbstractEntityManagerFactoryBean.java:409)
	at org.springframework.orm.jpa.AbstractEntityManagerFactoryBean.afterPropertiesSet(AbstractEntityManagerFactoryBean.java:396)
	at org.springframework.orm.jpa.LocalContainerEntityManagerFactoryBean.afterPropertiesSet(LocalContainerEntityManagerFactoryBean.java:352)
	at org.springframework.beans.factory.support.AbstractAutowireCapableBeanFactory.invokeInitMethods(AbstractAutowireCapableBeanFactory.java:1822)
	at org.springframework.beans.factory.support.AbstractAutowireCapableBeanFactory.initializeBean(AbstractAutowireCapableBeanFactory.java:1771)
	at org.springframework.beans.factory.support.AbstractAutowireCapableBeanFactory.doCreateBean(AbstractAutowireCapableBeanFactory.java:601)
	at org.springframework.beans.factory.support.AbstractAutowireCapableBeanFactory.createBean(AbstractAutowireCapableBeanFactory.java:523)
	at org.springframework.beans.factory.support.AbstractBeanFactory.lambda$doGetBean$0(AbstractBeanFactory.java:325)
	at org.springframework.beans.factory.support.DefaultSingletonBeanRegistry.getSingleton(DefaultSingletonBeanRegistry.java:234)
	at org.springframework.beans.factory.support.AbstractBeanFactory.doGetBean(AbstractBeanFactory.java:323)
	at org.springframework.beans.factory.support.AbstractBeanFactory.getBean(AbstractBeanFactory.java:199)
	at org.springframework.context.support.AbstractApplicationContext.getBean(AbstractApplicationContext.java:1173)
	at org.springframework.context.support.AbstractApplicationContext.finishBeanFactoryInitialization(AbstractApplicationContext.java:936)
	at org.springframework.context.support.AbstractApplicationContext.refresh(AbstractApplicationContext.java:616)
	at org.springframework.boot.web.servlet.context.ServletWebServerApplicationContext.refresh(ServletWebServerApplicationContext.java:146)
	at org.springframework.boot.SpringApplication.refresh(SpringApplication.java:753)
	at org.springframework.boot.SpringApplication.refreshContext(SpringApplication.java:455)
	at org.springframework.boot.SpringApplication.run(SpringApplication.java:323)
	at org.springframework.boot.SpringApplication.run(SpringApplication.java:1342)
	at org.springframework.boot.SpringApplication.run(SpringApplication.java:1331)
	at com.hansen.fateEchoes.fate_echoes.FateEchoesApplication.main(FateEchoesApplication.java:10)
2025-05-27 13:44:29.612 [main] WARN  o.h.e.j.e.i.JdbcEnvironmentInitiator - HHH000342: Could not obtain connection to query metadata
java.lang.NullPointerException: Cannot invoke "org.hibernate.engine.jdbc.spi.SqlExceptionHelper.convert(java.sql.SQLException, String)" because the return value of "org.hibernate.resource.transaction.backend.jdbc.internal.JdbcIsolationDelegate.sqlExceptionHelper()" is null
	at org.hibernate.resource.transaction.backend.jdbc.internal.JdbcIsolationDelegate.delegateWork(JdbcIsolationDelegate.java:116)
	at org.hibernate.engine.jdbc.env.internal.JdbcEnvironmentInitiator.getJdbcEnvironmentUsingJdbcMetadata(JdbcEnvironmentInitiator.java:273)
	at org.hibernate.engine.jdbc.env.internal.JdbcEnvironmentInitiator.initiateService(JdbcEnvironmentInitiator.java:105)
	at org.hibernate.engine.jdbc.env.internal.JdbcEnvironmentInitiator.initiateService(JdbcEnvironmentInitiator.java:66)
	at org.hibernate.boot.registry.internal.StandardServiceRegistryImpl.initiateService(StandardServiceRegistryImpl.java:129)
	at org.hibernate.service.internal.AbstractServiceRegistryImpl.createService(AbstractServiceRegistryImpl.java:263)
	at org.hibernate.service.internal.AbstractServiceRegistryImpl.initializeService(AbstractServiceRegistryImpl.java:238)
	at org.hibernate.service.internal.AbstractServiceRegistryImpl.getService(AbstractServiceRegistryImpl.java:215)
	at org.hibernate.boot.model.relational.Database.<init>(Database.java:45)
	at org.hibernate.boot.internal.InFlightMetadataCollectorImpl.getDatabase(InFlightMetadataCollectorImpl.java:223)
	at org.hibernate.boot.internal.InFlightMetadataCollectorImpl.<init>(InFlightMetadataCollectorImpl.java:191)
	at org.hibernate.boot.model.process.spi.MetadataBuildingProcess.complete(MetadataBuildingProcess.java:169)
	at org.hibernate.jpa.boot.internal.EntityManagerFactoryBuilderImpl.metadata(EntityManagerFactoryBuilderImpl.java:1432)
	at org.hibernate.jpa.boot.internal.EntityManagerFactoryBuilderImpl.build(EntityManagerFactoryBuilderImpl.java:1503)
	at org.springframework.orm.jpa.vendor.SpringHibernateJpaPersistenceProvider.createContainerEntityManagerFactory(SpringHibernateJpaPersistenceProvider.java:75)
	at org.springframework.orm.jpa.LocalContainerEntityManagerFactoryBean.createNativeEntityManagerFactory(LocalContainerEntityManagerFactoryBean.java:376)
	at org.springframework.orm.jpa.AbstractEntityManagerFactoryBean.buildNativeEntityManagerFactory(AbstractEntityManagerFactoryBean.java:409)
	at org.springframework.orm.jpa.AbstractEntityManagerFactoryBean.afterPropertiesSet(AbstractEntityManagerFactoryBean.java:396)
	at org.springframework.orm.jpa.LocalContainerEntityManagerFactoryBean.afterPropertiesSet(LocalContainerEntityManagerFactoryBean.java:352)
	at org.springframework.beans.factory.support.AbstractAutowireCapableBeanFactory.invokeInitMethods(AbstractAutowireCapableBeanFactory.java:1822)
	at org.springframework.beans.factory.support.AbstractAutowireCapableBeanFactory.initializeBean(AbstractAutowireCapableBeanFactory.java:1771)
	at org.springframework.beans.factory.support.AbstractAutowireCapableBeanFactory.doCreateBean(AbstractAutowireCapableBeanFactory.java:601)
	at org.springframework.beans.factory.support.AbstractAutowireCapableBeanFactory.createBean(AbstractAutowireCapableBeanFactory.java:523)
	at org.springframework.beans.factory.support.AbstractBeanFactory.lambda$doGetBean$0(AbstractBeanFactory.java:325)
	at org.springframework.beans.factory.support.DefaultSingletonBeanRegistry.getSingleton(DefaultSingletonBeanRegistry.java:234)
	at org.springframework.beans.factory.support.AbstractBeanFactory.doGetBean(AbstractBeanFactory.java:323)
	at org.springframework.beans.factory.support.AbstractBeanFactory.getBean(AbstractBeanFactory.java:199)
	at org.springframework.context.support.AbstractApplicationContext.getBean(AbstractApplicationContext.java:1173)
	at org.springframework.context.support.AbstractApplicationContext.finishBeanFactoryInitialization(AbstractApplicationContext.java:936)
	at org.springframework.context.support.AbstractApplicationContext.refresh(AbstractApplicationContext.java:616)
	at org.springframework.boot.web.servlet.context.ServletWebServerApplicationContext.refresh(ServletWebServerApplicationContext.java:146)
	at org.springframework.boot.SpringApplication.refresh(SpringApplication.java:753)
	at org.springframework.boot.SpringApplication.refreshContext(SpringApplication.java:455)
	at org.springframework.boot.SpringApplication.run(SpringApplication.java:323)
	at org.springframework.boot.SpringApplication.run(SpringApplication.java:1342)
	at org.springframework.boot.SpringApplication.run(SpringApplication.java:1331)
	at com.hansen.fateEchoes.fate_echoes.FateEchoesApplication.main(FateEchoesApplication.java:10)
2025-05-27 13:44:29.621 [main] ERROR o.s.o.j.LocalContainerEntityManagerFactoryBean - Failed to initialize JPA EntityManagerFactory: Unable to create requested service [org.hibernate.engine.jdbc.env.spi.JdbcEnvironment] due to: Unable to determine Dialect without JDBC metadata (please set 'javax.persistence.jdbc.url', 'hibernate.connection.url', or 'hibernate.dialect')
2025-05-27 13:44:29.621 [main] WARN  o.s.b.w.s.c.AnnotationConfigServletWebServerApplicationContext - Exception encountered during context initialization - cancelling refresh attempt: org.springframework.beans.factory.BeanCreationException: Error creating bean with name 'entityManagerFactory' defined in class path resource [org/springframework/boot/autoconfigure/orm/jpa/HibernateJpaConfiguration.class]: Unable to create requested service [org.hibernate.engine.jdbc.env.spi.JdbcEnvironment] due to: Unable to determine Dialect without JDBC metadata (please set 'javax.persistence.jdbc.url', 'hibernate.connection.url', or 'hibernate.dialect')
2025-05-27 13:44:29.624 [main] INFO  o.a.catalina.core.StandardService - Stopping service [Tomcat]
2025-05-27 13:44:29.637 [main] ERROR o.s.boot.SpringApplication - Application run failed
org.springframework.beans.factory.BeanCreationException: Error creating bean with name 'entityManagerFactory' defined in class path resource [org/springframework/boot/autoconfigure/orm/jpa/HibernateJpaConfiguration.class]: Unable to create requested service [org.hibernate.engine.jdbc.env.spi.JdbcEnvironment] due to: Unable to determine Dialect without JDBC metadata (please set 'javax.persistence.jdbc.url', 'hibernate.connection.url', or 'hibernate.dialect')
	at org.springframework.beans.factory.support.AbstractAutowireCapableBeanFactory.initializeBean(AbstractAutowireCapableBeanFactory.java:1775)
	at org.springframework.beans.factory.support.AbstractAutowireCapableBeanFactory.doCreateBean(AbstractAutowireCapableBeanFactory.java:601)
	at org.springframework.beans.factory.support.AbstractAutowireCapableBeanFactory.createBean(AbstractAutowireCapableBeanFactory.java:523)
	at org.springframework.beans.factory.support.AbstractBeanFactory.lambda$doGetBean$0(AbstractBeanFactory.java:325)
	at org.springframework.beans.factory.support.DefaultSingletonBeanRegistry.getSingleton(DefaultSingletonBeanRegistry.java:234)
	at org.springframework.beans.factory.support.AbstractBeanFactory.doGetBean(AbstractBeanFactory.java:323)
	at org.springframework.beans.factory.support.AbstractBeanFactory.getBean(AbstractBeanFactory.java:199)
	at org.springframework.context.support.AbstractApplicationContext.getBean(AbstractApplicationContext.java:1173)
	at org.springframework.context.support.AbstractApplicationContext.finishBeanFactoryInitialization(AbstractApplicationContext.java:936)
	at org.springframework.context.support.AbstractApplicationContext.refresh(AbstractApplicationContext.java:616)
	at org.springframework.boot.web.servlet.context.ServletWebServerApplicationContext.refresh(ServletWebServerApplicationContext.java:146)
	at org.springframework.boot.SpringApplication.refresh(SpringApplication.java:753)
	at org.springframework.boot.SpringApplication.refreshContext(SpringApplication.java:455)
	at org.springframework.boot.SpringApplication.run(SpringApplication.java:323)
	at org.springframework.boot.SpringApplication.run(SpringApplication.java:1342)
	at org.springframework.boot.SpringApplication.run(SpringApplication.java:1331)
	at com.hansen.fateEchoes.fate_echoes.FateEchoesApplication.main(FateEchoesApplication.java:10)
Caused by: org.hibernate.service.spi.ServiceException: Unable to create requested service [org.hibernate.engine.jdbc.env.spi.JdbcEnvironment] due to: Unable to determine Dialect without JDBC metadata (please set 'javax.persistence.jdbc.url', 'hibernate.connection.url', or 'hibernate.dialect')
	at org.hibernate.service.internal.AbstractServiceRegistryImpl.createService(AbstractServiceRegistryImpl.java:276)
	at org.hibernate.service.internal.AbstractServiceRegistryImpl.initializeService(AbstractServiceRegistryImpl.java:238)
	at org.hibernate.service.internal.AbstractServiceRegistryImpl.getService(AbstractServiceRegistryImpl.java:215)
	at org.hibernate.boot.model.relational.Database.<init>(Database.java:45)
	at org.hibernate.boot.internal.InFlightMetadataCollectorImpl.getDatabase(InFlightMetadataCollectorImpl.java:223)
	at org.hibernate.boot.internal.InFlightMetadataCollectorImpl.<init>(InFlightMetadataCollectorImpl.java:191)
	at org.hibernate.boot.model.process.spi.MetadataBuildingProcess.complete(MetadataBuildingProcess.java:169)
	at org.hibernate.jpa.boot.internal.EntityManagerFactoryBuilderImpl.metadata(EntityManagerFactoryBuilderImpl.java:1432)
	at org.hibernate.jpa.boot.internal.EntityManagerFactoryBuilderImpl.build(EntityManagerFactoryBuilderImpl.java:1503)
	at org.springframework.orm.jpa.vendor.SpringHibernateJpaPersistenceProvider.createContainerEntityManagerFactory(SpringHibernateJpaPersistenceProvider.java:75)
	at org.springframework.orm.jpa.LocalContainerEntityManagerFactoryBean.createNativeEntityManagerFactory(LocalContainerEntityManagerFactoryBean.java:376)
	at org.springframework.orm.jpa.AbstractEntityManagerFactoryBean.buildNativeEntityManagerFactory(AbstractEntityManagerFactoryBean.java:409)
	at org.springframework.orm.jpa.AbstractEntityManagerFactoryBean.afterPropertiesSet(AbstractEntityManagerFactoryBean.java:396)
	at org.springframework.orm.jpa.LocalContainerEntityManagerFactoryBean.afterPropertiesSet(LocalContainerEntityManagerFactoryBean.java:352)
	at org.springframework.beans.factory.support.AbstractAutowireCapableBeanFactory.invokeInitMethods(AbstractAutowireCapableBeanFactory.java:1822)
	at org.springframework.beans.factory.support.AbstractAutowireCapableBeanFactory.initializeBean(AbstractAutowireCapableBeanFactory.java:1771)
	... 16 common frames omitted
Caused by: org.hibernate.HibernateException: Unable to determine Dialect without JDBC metadata (please set 'javax.persistence.jdbc.url', 'hibernate.connection.url', or 'hibernate.dialect')
	at org.hibernate.engine.jdbc.dialect.internal.DialectFactoryImpl.determineDialect(DialectFactoryImpl.java:190)
	at org.hibernate.engine.jdbc.dialect.internal.DialectFactoryImpl.buildDialect(DialectFactoryImpl.java:86)
	at org.hibernate.engine.jdbc.env.internal.JdbcEnvironmentInitiator.getJdbcEnvironmentWithDefaults(JdbcEnvironmentInitiator.java:141)
	at org.hibernate.engine.jdbc.env.internal.JdbcEnvironmentInitiator.getJdbcEnvironmentUsingJdbcMetadata(JdbcEnvironmentInitiator.java:344)
	at org.hibernate.engine.jdbc.env.internal.JdbcEnvironmentInitiator.initiateService(JdbcEnvironmentInitiator.java:105)
	at org.hibernate.engine.jdbc.env.internal.JdbcEnvironmentInitiator.initiateService(JdbcEnvironmentInitiator.java:66)
	at org.hibernate.boot.registry.internal.StandardServiceRegistryImpl.initiateService(StandardServiceRegistryImpl.java:129)
	at org.hibernate.service.internal.AbstractServiceRegistryImpl.createService(AbstractServiceRegistryImpl.java:263)
	... 31 common frames omitted
2025-05-27 13:45:37.491 [main] INFO  c.h.f.f.FateEchoesApplication - Starting FateEchoesApplication using Java 22.0.2 with PID 43888 (E:\Fate Echoes\fate-echoes\target\classes started by hanse in E:\Fate Echoes\fate-echoes)
2025-05-27 13:45:37.492 [main] INFO  c.h.f.f.FateEchoesApplication - No active profile set, falling back to 1 default profile: "default"
2025-05-27 13:45:38.213 [main] INFO  o.a.coyote.http11.Http11NioProtocol - Initializing ProtocolHandler ["http-nio-8080"]
2025-05-27 13:45:38.214 [main] INFO  o.a.catalina.core.StandardService - Starting service [Tomcat]
2025-05-27 13:45:38.214 [main] INFO  o.a.catalina.core.StandardEngine - Starting Servlet engine: [Apache Tomcat/10.1.16]
2025-05-27 13:45:38.248 [main] INFO  o.a.c.c.C.[.[.[/fate-echoes] - Initializing Spring embedded WebApplicationContext
2025-05-27 13:45:38.335 [main] INFO  o.h.jpa.internal.util.LogHelper - HHH000204: Processing PersistenceUnitInfo [name: default]
2025-05-27 13:45:38.364 [main] INFO  org.hibernate.Version - HHH000412: Hibernate ORM core version 6.3.1.Final
2025-05-27 13:45:38.384 [main] INFO  o.h.c.i.RegionFactoryInitiator - HHH000026: Second-level cache disabled
2025-05-27 13:45:38.546 [main] INFO  com.zaxxer.hikari.HikariDataSource - HikariPool-1 - Starting...
2025-05-27 13:45:38.656 [main] INFO  com.zaxxer.hikari.pool.HikariPool - HikariPool-1 - Added connection com.mysql.cj.jdbc.ConnectionImpl@5fbae40
2025-05-27 13:45:38.659 [main] INFO  com.zaxxer.hikari.HikariDataSource - HikariPool-1 - Start completed.
2025-05-27 13:45:39.163 [main] INFO  o.h.e.t.j.p.i.JtaPlatformInitiator - HHH000489: No JTA platform available (set 'hibernate.transaction.jta.platform' to enable JTA platform integration)
2025-05-27 13:45:39.326 [main] WARN  o.s.b.a.o.j.JpaBaseConfiguration$JpaWebConfiguration - spring.jpa.open-in-view is enabled by default. Therefore, database queries may be performed during view rendering. Explicitly configure spring.jpa.open-in-view to disable this warning
2025-05-27 13:45:39.519 [main] INFO  o.a.coyote.http11.Http11NioProtocol - Starting ProtocolHandler ["http-nio-8080"]
2025-05-27 13:45:39.536 [main] INFO  c.h.f.f.FateEchoesApplication - Started FateEchoesApplication in 2.363 seconds (process running for 2.831)
2025-05-27 13:46:28.518 [http-nio-8080-exec-1] INFO  o.a.c.c.C.[.[.[/fate-echoes] - Initializing Spring DispatcherServlet 'dispatcherServlet'
2025-05-27 13:46:28.533 [http-nio-8080-exec-1] WARN  o.s.web.servlet.PageNotFound - No mapping for GET /fate-echoes/api/v1/regions
2025-05-27 13:46:28.540 [http-nio-8080-exec-1] WARN  o.s.web.servlet.PageNotFound - No endpoint GET /fate-echoes/api/v1/regions.
2025-05-27 13:46:44.898 [http-nio-8080-exec-3] WARN  o.s.web.servlet.PageNotFound - No mapping for GET /fate-echoes/api/v1/regions
2025-05-27 13:46:44.899 [http-nio-8080-exec-3] WARN  o.s.web.servlet.PageNotFound - No endpoint GET /fate-echoes/api/v1/regions.
2025-05-27 13:48:38.336 [http-nio-8080-exec-4] WARN  o.s.web.servlet.PageNotFound - No mapping for GET /fate-echoes/api/v1/regions
2025-05-27 13:48:38.337 [http-nio-8080-exec-4] WARN  o.s.web.servlet.PageNotFound - No endpoint GET /fate-echoes/api/v1/regions.
2025-05-27 13:48:43.311 [http-nio-8080-exec-8] WARN  o.s.web.servlet.PageNotFound - No mapping for GET /fate-echoes/api/v1/regions
2025-05-27 13:48:43.311 [http-nio-8080-exec-8] WARN  o.s.web.servlet.PageNotFound - No endpoint GET /fate-echoes/api/v1/regions.
2025-05-27 13:48:58.231 [http-nio-8080-exec-6] WARN  o.s.web.servlet.PageNotFound - No mapping for GET /fate-echoes/api/v1/regions
2025-05-27 13:48:58.231 [http-nio-8080-exec-6] WARN  o.s.web.servlet.PageNotFound - No endpoint GET /fate-echoes/api/v1/regions.
2025-05-27 13:49:03.304 [http-nio-8080-exec-9] WARN  o.s.web.servlet.PageNotFound - No mapping for GET /fate-echoes/api/v1/regions
2025-05-27 13:49:03.304 [http-nio-8080-exec-9] WARN  o.s.web.servlet.PageNotFound - No endpoint GET /fate-echoes/api/v1/regions.
2025-05-27 13:50:11.976 [SpringApplicationShutdownHook] INFO  com.zaxxer.hikari.HikariDataSource - HikariPool-1 - Shutdown initiated...
2025-05-27 13:50:11.982 [SpringApplicationShutdownHook] INFO  com.zaxxer.hikari.HikariDataSource - HikariPool-1 - Shutdown completed.
2025-05-27 13:50:15.930 [main] INFO  c.h.f.f.FateEchoesApplication - Starting FateEchoesApplication using Java 22.0.2 with PID 36208 (E:\Fate Echoes\fate-echoes\target\classes started by hanse in E:\Fate Echoes\fate-echoes)
2025-05-27 13:50:15.931 [main] INFO  c.h.f.f.FateEchoesApplication - No active profile set, falling back to 1 default profile: "default"
2025-05-27 13:50:16.904 [main] INFO  o.a.coyote.http11.Http11NioProtocol - Initializing ProtocolHandler ["http-nio-8080"]
2025-05-27 13:50:16.904 [main] INFO  o.a.catalina.core.StandardService - Starting service [Tomcat]
2025-05-27 13:50:16.904 [main] INFO  o.a.catalina.core.StandardEngine - Starting Servlet engine: [Apache Tomcat/10.1.16]
2025-05-27 13:50:16.941 [main] INFO  o.a.c.c.C.[.[.[/fate-echoes] - Initializing Spring embedded WebApplicationContext
2025-05-27 13:50:17.142 [main] INFO  o.h.jpa.internal.util.LogHelper - HHH000204: Processing PersistenceUnitInfo [name: default]
2025-05-27 13:50:17.172 [main] INFO  org.hibernate.Version - HHH000412: Hibernate ORM core version 6.3.1.Final
2025-05-27 13:50:17.192 [main] INFO  o.h.c.i.RegionFactoryInitiator - HHH000026: Second-level cache disabled
2025-05-27 13:50:17.343 [main] INFO  com.zaxxer.hikari.HikariDataSource - HikariPool-1 - Starting...
2025-05-27 13:50:17.445 [main] INFO  com.zaxxer.hikari.pool.HikariPool - HikariPool-1 - Added connection com.mysql.cj.jdbc.ConnectionImpl@2d705998
2025-05-27 13:50:17.447 [main] INFO  com.zaxxer.hikari.HikariDataSource - HikariPool-1 - Start completed.
2025-05-27 13:50:17.941 [main] INFO  o.h.e.t.j.p.i.JtaPlatformInitiator - HHH000489: No JTA platform available (set 'hibernate.transaction.jta.platform' to enable JTA platform integration)
2025-05-27 13:50:18.153 [main] WARN  o.s.b.a.o.j.JpaBaseConfiguration$JpaWebConfiguration - spring.jpa.open-in-view is enabled by default. Therefore, database queries may be performed during view rendering. Explicitly configure spring.jpa.open-in-view to disable this warning
2025-05-27 13:50:18.676 [main] INFO  o.a.coyote.http11.Http11NioProtocol - Starting ProtocolHandler ["http-nio-8080"]
2025-05-27 13:50:18.696 [main] INFO  c.h.f.f.FateEchoesApplication - Started FateEchoesApplication in 3.057 seconds (process running for 3.476)
2025-05-27 13:50:18.926 [RMI TCP Connection(3)-192.168.9.34] INFO  o.a.c.c.C.[.[.[/fate-echoes] - Initializing Spring DispatcherServlet 'dispatcherServlet'
2025-05-27 13:51:25.949 [http-nio-8080-exec-4] WARN  o.s.web.servlet.PageNotFound - No mapping for GET /fate-echoes/api/v1/regions
2025-05-27 13:51:25.953 [http-nio-8080-exec-4] WARN  o.s.web.servlet.PageNotFound - No endpoint GET /fate-echoes/api/v1/regions.
2025-05-27 13:51:31.585 [http-nio-8080-exec-5] WARN  o.s.web.servlet.PageNotFound - No mapping for GET /fate-echoes/api/v1/regions
2025-05-27 13:51:31.585 [http-nio-8080-exec-5] WARN  o.s.web.servlet.PageNotFound - No endpoint GET /fate-echoes/api/v1/regions.
2025-05-27 13:52:04.154 [http-nio-8080-exec-6] WARN  o.s.web.servlet.PageNotFound - No mapping for GET /fate-echoes/api/v1/regions
2025-05-27 13:52:04.155 [http-nio-8080-exec-6] WARN  o.s.web.servlet.PageNotFound - No endpoint GET /fate-echoes/api/v1/regions.
2025-05-27 13:52:43.585 [http-nio-8080-exec-9] WARN  o.s.web.servlet.PageNotFound - No mapping for GET /fate-echoes/api/v1/regions
2025-05-27 13:52:43.586 [http-nio-8080-exec-9] WARN  o.s.web.servlet.PageNotFound - No endpoint GET /fate-echoes/api/v1/regions.
2025-05-27 13:52:51.111 [http-nio-8080-exec-10] WARN  o.s.web.servlet.PageNotFound - No mapping for GET /fate-echoes/api/v1/regions
2025-05-27 13:52:51.111 [http-nio-8080-exec-10] WARN  o.s.web.servlet.PageNotFound - No endpoint GET /fate-echoes/api/v1/regions.
2025-05-27 13:53:21.647 [SpringApplicationShutdownHook] INFO  com.zaxxer.hikari.HikariDataSource - HikariPool-1 - Shutdown initiated...
2025-05-27 13:53:21.651 [SpringApplicationShutdownHook] INFO  com.zaxxer.hikari.HikariDataSource - HikariPool-1 - Shutdown completed.
2025-05-27 13:53:24.228 [main] INFO  c.h.f.f.FateEchoesApplication - Starting FateEchoesApplication using Java 22.0.2 with PID 46852 (E:\Fate Echoes\fate-echoes\target\classes started by hanse in E:\Fate Echoes\fate-echoes)
2025-05-27 13:53:24.229 [main] INFO  c.h.f.f.FateEchoesApplication - No active profile set, falling back to 1 default profile: "default"
2025-05-27 13:53:25.215 [main] INFO  o.a.coyote.http11.Http11NioProtocol - Initializing ProtocolHandler ["http-nio-8080"]
2025-05-27 13:53:25.216 [main] INFO  o.a.catalina.core.StandardService - Starting service [Tomcat]
2025-05-27 13:53:25.216 [main] INFO  o.a.catalina.core.StandardEngine - Starting Servlet engine: [Apache Tomcat/10.1.16]
2025-05-27 13:53:25.251 [main] INFO  o.a.c.c.C.[.[.[/fate-echoes] - Initializing Spring embedded WebApplicationContext
2025-05-27 13:53:25.454 [main] INFO  o.h.jpa.internal.util.LogHelper - HHH000204: Processing PersistenceUnitInfo [name: default]
2025-05-27 13:53:25.486 [main] INFO  org.hibernate.Version - HHH000412: Hibernate ORM core version 6.3.1.Final
2025-05-27 13:53:25.508 [main] INFO  o.h.c.i.RegionFactoryInitiator - HHH000026: Second-level cache disabled
2025-05-27 13:53:25.658 [main] INFO  com.zaxxer.hikari.HikariDataSource - HikariPool-1 - Starting...
2025-05-27 13:53:25.751 [main] INFO  com.zaxxer.hikari.pool.HikariPool - HikariPool-1 - Added connection com.mysql.cj.jdbc.ConnectionImpl@4dd752e8
2025-05-27 13:53:25.752 [main] INFO  com.zaxxer.hikari.HikariDataSource - HikariPool-1 - Start completed.
2025-05-27 13:53:26.245 [main] INFO  o.h.e.t.j.p.i.JtaPlatformInitiator - HHH000489: No JTA platform available (set 'hibernate.transaction.jta.platform' to enable JTA platform integration)
2025-05-27 13:53:26.458 [main] WARN  o.s.b.a.o.j.JpaBaseConfiguration$JpaWebConfiguration - spring.jpa.open-in-view is enabled by default. Therefore, database queries may be performed during view rendering. Explicitly configure spring.jpa.open-in-view to disable this warning
2025-05-27 13:53:26.978 [main] INFO  o.a.coyote.http11.Http11NioProtocol - Starting ProtocolHandler ["http-nio-8080"]
2025-05-27 13:53:26.996 [main] INFO  c.h.f.f.FateEchoesApplication - Started FateEchoesApplication in 3.062 seconds (process running for 3.485)
2025-05-27 13:53:27.183 [RMI TCP Connection(2)-192.168.9.34] INFO  o.a.c.c.C.[.[.[/fate-echoes] - Initializing Spring DispatcherServlet 'dispatcherServlet'
2025-05-27 16:08:06.224 [SpringApplicationShutdownHook] INFO  com.zaxxer.hikari.HikariDataSource - HikariPool-1 - Shutdown initiated...
2025-05-27 16:08:06.226 [SpringApplicationShutdownHook] INFO  com.zaxxer.hikari.HikariDataSource - HikariPool-1 - Shutdown completed.
