2025-05-26 17:16:28.238 [background-preinit] INFO  o.h.validator.internal.util.Version - HV000001: Hibernate Validator 8.0.2.Final
2025-05-26 17:16:28.270 [restartedMain] INFO  c.h.f.f.FateEchoesApplication - Starting FateEchoesApplication using Java 22.0.2 with PID 11100 (E:\Fate Echoes\fate-echoes\target\classes started by hanse in E:\Fate Echoes\fate-echoes)
2025-05-26 17:16:28.271 [restartedMain] INFO  c.h.f.f.FateEchoesApplication - No active profile set, falling back to 1 default profile: "default"
2025-05-26 17:16:28.679 [restartedMain] DEBUG o.m.s.b.a.MybatisAutoConfiguration - Searching for mappers annotated with @Mapper
2025-05-26 17:16:28.679 [restartedMain] DEBUG o.m.s.b.a.MybatisAutoConfiguration - Using auto-configuration base package 'com.hansen.fateEchoes.fate_echoes'
2025-05-26 17:16:28.761 [restartedMain] WARN  o.m.s.mapper.ClassPathMapperScanner - No MyBatis mapper was found in '[com.hansen.fateEchoes.fate_echoes]' package. Please check your configuration.
2025-05-26 17:16:29.012 [restartedMain] INFO  o.a.coyote.http11.Http11NioProtocol - Initializing ProtocolHandler ["http-nio-8080"]
2025-05-26 17:16:29.013 [restartedMain] INFO  o.a.catalina.core.StandardService - Starting service [Tomcat]
2025-05-26 17:16:29.013 [restartedMain] INFO  o.a.catalina.core.StandardEngine - Starting Servlet engine: [Apache Tomcat/10.1.41]
2025-05-26 17:16:29.047 [restartedMain] INFO  o.a.c.c.C.[.[.[/fate-echoes] - Initializing Spring embedded WebApplicationContext
2025-05-26 17:16:29.275 [restartedMain] DEBUG o.m.s.b.a.MybatisAutoConfiguration - Not found configuration for registering mapper bean using @MapperScan, MapperFactoryBean and MapperScannerConfigurer.
2025-05-26 17:16:29.315 [restartedMain] DEBUG o.m.spring.SqlSessionFactoryBean - Property 'mapperLocations' was not specified.
2025-05-26 17:16:29.383 [restartedMain] INFO  o.a.coyote.http11.Http11NioProtocol - Starting ProtocolHandler ["http-nio-8080"]
2025-05-26 17:16:29.402 [restartedMain] INFO  c.h.f.f.FateEchoesApplication - Started FateEchoesApplication in 1.508 seconds (process running for 2.086)
2025-05-26 18:23:10.907 [background-preinit] INFO  o.h.validator.internal.util.Version - HV000001: Hibernate Validator 8.0.2.Final
2025-05-26 18:23:10.935 [restartedMain] INFO  c.h.f.f.FateEchoesApplication - Starting FateEchoesApplication using Java 22.0.2 with PID 30128 (E:\Fate Echoes\fate-echoes\target\classes started by hanse in E:\Fate Echoes\fate-echoes)
2025-05-26 18:23:10.936 [restartedMain] INFO  c.h.f.f.FateEchoesApplication - No active profile set, falling back to 1 default profile: "default"
2025-05-26 18:23:11.293 [restartedMain] DEBUG o.m.s.b.a.MybatisAutoConfiguration - Searching for mappers annotated with @Mapper
2025-05-26 18:23:11.293 [restartedMain] DEBUG o.m.s.b.a.MybatisAutoConfiguration - Using auto-configuration base package 'com.hansen.fateEchoes.fate_echoes'
2025-05-26 18:23:11.365 [restartedMain] WARN  o.m.s.mapper.ClassPathMapperScanner - No MyBatis mapper was found in '[com.hansen.fateEchoes.fate_echoes]' package. Please check your configuration.
2025-05-26 18:23:11.587 [restartedMain] INFO  o.a.coyote.http11.Http11NioProtocol - Initializing ProtocolHandler ["http-nio-8080"]
2025-05-26 18:23:11.587 [restartedMain] INFO  o.a.catalina.core.StandardService - Starting service [Tomcat]
2025-05-26 18:23:11.588 [restartedMain] INFO  o.a.catalina.core.StandardEngine - Starting Servlet engine: [Apache Tomcat/10.1.41]
2025-05-26 18:23:11.621 [restartedMain] INFO  o.a.c.c.C.[.[.[/fate-echoes] - Initializing Spring embedded WebApplicationContext
2025-05-26 18:23:11.836 [restartedMain] DEBUG o.m.s.b.a.MybatisAutoConfiguration - Not found configuration for registering mapper bean using @MapperScan, MapperFactoryBean and MapperScannerConfigurer.
2025-05-26 18:23:11.867 [restartedMain] DEBUG o.m.spring.SqlSessionFactoryBean - Property 'mapperLocations' was not specified.
2025-05-26 18:23:11.934 [restartedMain] INFO  o.a.coyote.http11.Http11NioProtocol - Starting ProtocolHandler ["http-nio-8080"]
2025-05-26 18:23:11.954 [restartedMain] INFO  c.h.f.f.FateEchoesApplication - Started FateEchoesApplication in 1.339 seconds (process running for 1.821)
2025-05-26 18:39:32.947 [http-nio-8080-exec-3] INFO  o.a.c.c.C.[.[.[/fate-echoes] - Initializing Spring DispatcherServlet 'dispatcherServlet'
2025-05-26 18:40:03.956 [http-nio-8080-exec-4] WARN  o.s.web.servlet.PageNotFound - No mapping for GET /fate-echoes/home
2025-05-26 18:40:03.957 [http-nio-8080-exec-4] WARN  o.s.web.servlet.PageNotFound - No endpoint GET /fate-echoes/home.
